INFO: [VRFC 10-163] Analyzing VHDL file "C:/Users/Dell/Desktop/HDLLL/HDL_Project/HDL_Project/HDL_Project.srcs/sources_1/ip/blk_mem_gen_2/blk_mem_gen_2_sim_netlist.vhdl" into library xil_defaultlib
INFO: [VRFC 10-3107] analyzing entity 'blk_mem_gen_2_blk_mem_gen_prim_wrapper'
INFO: [VRFC 10-3107] analyzing entity 'blk_mem_gen_2_blk_mem_gen_prim_width'
INFO: [VRFC 10-3107] analyzing entity 'blk_mem_gen_2_blk_mem_gen_generic_cstr'
INFO: [VRFC 10-3107] analyzing entity 'blk_mem_gen_2_blk_mem_gen_top'
INFO: [VRFC 10-3107] analyzing entity 'blk_mem_gen_2_blk_mem_gen_v8_4_4_synth'
INFO: [VRFC 10-3107] analyzing entity 'blk_mem_gen_2_blk_mem_gen_v8_4_4'
INFO: [VRFC 10-3107] analyzing entity 'blk_mem_gen_2'
INFO: [VRFC 10-163] Analyzing VHDL file "C:/Users/Dell/Desktop/HDLLL/HDL_Project/HDL_Project/HDL_Project.srcs/sources_1/ip/blk_mem_gen_0/blk_mem_gen_0_sim_netlist.vhdl" into library xil_defaultlib
INFO: [VRFC 10-3107] analyzing entity 'blk_mem_gen_0_blk_mem_gen_prim_wrapper_init'
INFO: [VRFC 10-3107] analyzing entity 'blk_mem_gen_0_blk_mem_gen_prim_width'
INFO: [VRFC 10-3107] analyzing entity 'blk_mem_gen_0_blk_mem_gen_generic_cstr'
INFO: [VRFC 10-3107] analyzing entity 'blk_mem_gen_0_blk_mem_gen_top'
INFO: [VRFC 10-3107] analyzing entity 'blk_mem_gen_0_blk_mem_gen_v8_4_4_synth'
INFO: [VRFC 10-3107] analyzing entity 'blk_mem_gen_0_blk_mem_gen_v8_4_4'
INFO: [VRFC 10-3107] analyzing entity 'blk_mem_gen_0'
INFO: [VRFC 10-163] Analyzing VHDL file "C:/Users/Dell/Desktop/HDLLL/HDL_Project/HDL_Project/HDL_Project.srcs/sources_1/new/in_memory_unit.vhd" into library xil_defaultlib
INFO: [VRFC 10-3107] analyzing entity 'in_memory_unit'
INFO: [VRFC 10-163] Analyzing VHDL file "C:/Users/Dell/Desktop/HDLLL/HDL_Project/HDL_Project/HDL_Project.srcs/sources_1/new/padding_memory_unit.vhd" into library xil_defaultlib
INFO: [VRFC 10-3107] analyzing entity 'padding_memory_unit'
INFO: [VRFC 10-163] Analyzing VHDL file "C:/Users/Dell/Desktop/HDLLL/HDL_Project/HDL_Project/HDL_Project.srcs/sources_1/new/padding_unit.vhd" into library xil_defaultlib
INFO: [VRFC 10-3107] analyzing entity 'padding_unit'
INFO: [VRFC 10-163] Analyzing VHDL file "C:/Users/Dell/Desktop/HDLLL/HDL_Project/HDL_Project/HDL_Project.srcs/sim_1/new/tb_padding_unit.vhd" into library xil_defaultlib
INFO: [VRFC 10-3107] analyzing entity 'tb_padding_unit'
