Vivado Simulator 2019.2
Copyright 1986-1999, 2001-2019 Xilinx, Inc. All Rights Reserved.
Running: C:/Xilinx/Vivado/2019.2/bin/unwrapped/win64.o/xelab.exe -wto bb764b6ecc894adc88b1d8e502473361 --incr --debug typical --relax --mt 2 -L xil_defaultlib -L secureip -L xpm --snapshot max_filter_system_behav xil_defaultlib.max_filter_system -log elaborate.log 
Using 2 slave threads.
Starting static elaboration
Completed static elaboration
Starting simulation data flow analysis
Completed simulation data flow analysis
Time Resolution for simulation is 1ps
Compiling package std.standard
Compiling package std.textio
Compiling package ieee.std_logic_1164
Compiling package ieee.numeric_std
Compiling package unisim.vcomponents
Compiling package ieee.std_logic_arith
Compiling package ieee.std_logic_signed
Compiling package ieee.std_logic_textio
Compiling package ieee.vital_timing
Compiling package ieee.vital_primitives
Compiling package unisim.vpkg
Compiling architecture behavioral of entity xil_defaultlib.main_unit [main_unit_default]
Compiling architecture behavioral of entity xil_defaultlib.padding_unit [padding_unit_default]
Compiling architecture gnd_v of entity unisim.GND [gnd_default]
Compiling architecture rb18_internal_vhdl_v of entity unisim.RB18_INTERNAL_VHDL [\RB18_INTERNAL_VHDL(bram_size=18...]
Compiling architecture ramb18e1_v of entity unisim.RAMB18E1 [\RAMB18E1(doa_reg=1,init_00="000...]
Compiling architecture structure of entity xil_defaultlib.blk_mem_gen_0_blk_mem_gen_prim_wrapper_init [blk_mem_gen_0_blk_mem_gen_prim_w...]
Compiling architecture structure of entity xil_defaultlib.blk_mem_gen_0_blk_mem_gen_prim_width [blk_mem_gen_0_blk_mem_gen_prim_w...]
Compiling architecture structure of entity xil_defaultlib.blk_mem_gen_0_blk_mem_gen_generic_cstr [blk_mem_gen_0_blk_mem_gen_generi...]
Compiling architecture structure of entity xil_defaultlib.blk_mem_gen_0_blk_mem_gen_top [blk_mem_gen_0_blk_mem_gen_top_de...]
Compiling architecture structure of entity xil_defaultlib.blk_mem_gen_0_blk_mem_gen_v8_4_4_synth [blk_mem_gen_0_blk_mem_gen_v8_4_4...]
Compiling architecture structure of entity xil_defaultlib.blk_mem_gen_0_blk_mem_gen_v8_4_4 [blk_mem_gen_0_blk_mem_gen_v8_4_4...]
Compiling architecture structure of entity xil_defaultlib.blk_mem_gen_0 [blk_mem_gen_0_default]
Compiling architecture behavioral of entity xil_defaultlib.in_memory_unit [in_memory_unit_default]
Compiling architecture rb18_internal_vhdl_v of entity unisim.RB18_INTERNAL_VHDL [\RB18_INTERNAL_VHDL(bram_size=18...]
Compiling architecture ramb18e1_v of entity unisim.RAMB18E1 [\RAMB18E1(doa_reg=1,dob_reg=1,re...]
Compiling architecture structure of entity xil_defaultlib.blk_mem_gen_3_blk_mem_gen_prim_wrapper [blk_mem_gen_3_blk_mem_gen_prim_w...]
Compiling architecture structure of entity xil_defaultlib.blk_mem_gen_3_blk_mem_gen_prim_width [blk_mem_gen_3_blk_mem_gen_prim_w...]
Compiling architecture structure of entity xil_defaultlib.blk_mem_gen_3_blk_mem_gen_generic_cstr [blk_mem_gen_3_blk_mem_gen_generi...]
Compiling architecture structure of entity xil_defaultlib.blk_mem_gen_3_blk_mem_gen_top [blk_mem_gen_3_blk_mem_gen_top_de...]
Compiling architecture structure of entity xil_defaultlib.blk_mem_gen_3_blk_mem_gen_v8_4_4_synth [blk_mem_gen_3_blk_mem_gen_v8_4_4...]
Compiling architecture structure of entity xil_defaultlib.blk_mem_gen_3_blk_mem_gen_v8_4_4 [blk_mem_gen_3_blk_mem_gen_v8_4_4...]
Compiling architecture structure of entity xil_defaultlib.blk_mem_gen_3 [blk_mem_gen_3_default]
Compiling architecture behavioral of entity xil_defaultlib.padding_dual_memory_unit [padding_dual_memory_unit_default]
Compiling architecture rb18_internal_vhdl_v of entity unisim.RB18_INTERNAL_VHDL [\RB18_INTERNAL_VHDL(bram_size=18...]
Compiling architecture ramb18e1_v of entity unisim.RAMB18E1 [\RAMB18E1(doa_reg=1,rdaddr_colli...]
Compiling architecture structure of entity xil_defaultlib.blk_mem_gen_1_blk_mem_gen_prim_wrapper [blk_mem_gen_1_blk_mem_gen_prim_w...]
Compiling architecture structure of entity xil_defaultlib.blk_mem_gen_1_blk_mem_gen_prim_width [blk_mem_gen_1_blk_mem_gen_prim_w...]
Compiling architecture structure of entity xil_defaultlib.blk_mem_gen_1_blk_mem_gen_generic_cstr [blk_mem_gen_1_blk_mem_gen_generi...]
Compiling architecture structure of entity xil_defaultlib.blk_mem_gen_1_blk_mem_gen_top [blk_mem_gen_1_blk_mem_gen_top_de...]
Compiling architecture structure of entity xil_defaultlib.blk_mem_gen_1_blk_mem_gen_v8_4_4_synth [blk_mem_gen_1_blk_mem_gen_v8_4_4...]
Compiling architecture structure of entity xil_defaultlib.blk_mem_gen_1_blk_mem_gen_v8_4_4 [blk_mem_gen_1_blk_mem_gen_v8_4_4...]
Compiling architecture structure of entity xil_defaultlib.blk_mem_gen_1 [blk_mem_gen_1_default]
Compiling architecture behavioral of entity xil_defaultlib.out_memory_unit [out_memory_unit_default]
Compiling architecture behavioral of entity xil_defaultlib.max_filter_unit [max_filter_unit_default]
Compiling architecture behavioral of entity xil_defaultlib.max_filter_system
Built simulation snapshot max_filter_system_behav
