INFO: [VRFC 10-163] Analyzing VHDL file "C:/Users/Dell/Desktop/HDLLL/HDL_Project/HDL_Project/HDL_Project.srcs/sources_1/ip/blk_mem_gen_1/blk_mem_gen_1_sim_netlist.vhdl" into library xil_defaultlib
INFO: [VRFC 10-3107] analyzing entity 'blk_mem_gen_1_blk_mem_gen_prim_wrapper'
INFO: [VRFC 10-3107] analyzing entity 'blk_mem_gen_1_blk_mem_gen_prim_width'
INFO: [VRFC 10-3107] analyzing entity 'blk_mem_gen_1_blk_mem_gen_generic_cstr'
INFO: [VRFC 10-3107] analyzing entity 'blk_mem_gen_1_blk_mem_gen_top'
INFO: [VRFC 10-3107] analyzing entity 'blk_mem_gen_1_blk_mem_gen_v8_4_4_synth'
INFO: [VRFC 10-3107] analyzing entity 'blk_mem_gen_1_blk_mem_gen_v8_4_4'
INFO: [VRFC 10-3107] analyzing entity 'blk_mem_gen_1'
INFO: [VRFC 10-163] Analyzing VHDL file "C:/Users/Dell/Desktop/HDLLL/HDL_Project/HDL_Project/HDL_Project.srcs/sources_1/ip/blk_mem_gen_3/blk_mem_gen_3_sim_netlist.vhdl" into library xil_defaultlib
INFO: [VRFC 10-3107] analyzing entity 'blk_mem_gen_3_blk_mem_gen_prim_wrapper'
INFO: [VRFC 10-3107] analyzing entity 'blk_mem_gen_3_blk_mem_gen_prim_width'
INFO: [VRFC 10-3107] analyzing entity 'blk_mem_gen_3_blk_mem_gen_generic_cstr'
INFO: [VRFC 10-3107] analyzing entity 'blk_mem_gen_3_blk_mem_gen_top'
INFO: [VRFC 10-3107] analyzing entity 'blk_mem_gen_3_blk_mem_gen_v8_4_4_synth'
INFO: [VRFC 10-3107] analyzing entity 'blk_mem_gen_3_blk_mem_gen_v8_4_4'
INFO: [VRFC 10-3107] analyzing entity 'blk_mem_gen_3'
INFO: [VRFC 10-163] Analyzing VHDL file "C:/Users/Dell/Desktop/HDLLL/HDL_Project/HDL_Project/HDL_Project.srcs/sources_1/ip/blk_mem_gen_0/blk_mem_gen_0_sim_netlist.vhdl" into library xil_defaultlib
INFO: [VRFC 10-3107] analyzing entity 'blk_mem_gen_0_blk_mem_gen_prim_wrapper_init'
INFO: [VRFC 10-3107] analyzing entity 'blk_mem_gen_0_blk_mem_gen_prim_width'
INFO: [VRFC 10-3107] analyzing entity 'blk_mem_gen_0_blk_mem_gen_generic_cstr'
INFO: [VRFC 10-3107] analyzing entity 'blk_mem_gen_0_blk_mem_gen_top'
INFO: [VRFC 10-3107] analyzing entity 'blk_mem_gen_0_blk_mem_gen_v8_4_4_synth'
INFO: [VRFC 10-3107] analyzing entity 'blk_mem_gen_0_blk_mem_gen_v8_4_4'
INFO: [VRFC 10-3107] analyzing entity 'blk_mem_gen_0'
INFO: [VRFC 10-163] Analyzing VHDL file "C:/Users/Dell/Desktop/HDLLL/HDL_Project/HDL_Project/HDL_Project.srcs/sources_1/new/main_unit.vhd" into library xil_defaultlib
INFO: [VRFC 10-3107] analyzing entity 'main_unit'
INFO: [VRFC 10-163] Analyzing VHDL file "C:/Users/Dell/Desktop/HDLLL/HDL_Project/HDL_Project/HDL_Project.srcs/sources_1/new/max_filter_unit.vhd" into library xil_defaultlib
INFO: [VRFC 10-3107] analyzing entity 'max_filter_unit'
INFO: [VRFC 10-163] Analyzing VHDL file "C:/Users/Dell/Desktop/HDLLL/HDL_Project/HDL_Project/HDL_Project.srcs/sources_1/new/out_memory_unit.vhd" into library xil_defaultlib
INFO: [VRFC 10-3107] analyzing entity 'out_memory_unit'
INFO: [VRFC 10-163] Analyzing VHDL file "C:/Users/Dell/Desktop/HDLLL/HDL_Project/HDL_Project/HDL_Project.srcs/sources_1/new/padding_dual_memory_unit.vhd" into library xil_defaultlib
INFO: [VRFC 10-3107] analyzing entity 'padding_dual_memory_unit'
INFO: [VRFC 10-163] Analyzing VHDL file "C:/Users/Dell/Desktop/HDLLL/HDL_Project/HDL_Project/HDL_Project.srcs/sources_1/new/padding_unit.vhd" into library xil_defaultlib
INFO: [VRFC 10-3107] analyzing entity 'padding_unit'
INFO: [VRFC 10-163] Analyzing VHDL file "C:/Users/Dell/Desktop/HDLLL/HDL_Project/HDL_Project/HDL_Project.srcs/sources_1/new/max_filter_system.vhd" into library xil_defaultlib
INFO: [VRFC 10-3107] analyzing entity 'max_filter_system'
