#-----------------------------------------------------------
# Vivado v2019.2 (64-bit)
# SW Build 2708876 on Wed Nov  6 21:40:23 MST 2019
# IP Build 2700528 on Thu Nov  7 00:09:20 MST 2019
# Start of session at: Tue Jul 28 08:06:01 2020
# Process ID: 13384
# Current directory: C:/Users/M.F.M.MUAZ/Desktop/HDL/project/New folder/HDL_Project/HDL_Project
# Command line: vivado.exe -gui_launcher_event rodinguilauncherevent8464 C:\Users\M.F.M.MUAZ\Desktop\HDL\project\New folder\HDL_Project\HDL_Project\HDL_Project.xpr
# Log file: C:/Users/M.F.M.MUAZ/Desktop/HDL/project/New folder/HDL_Project/HDL_Project/vivado.log
# Journal file: C:/Users/M.F.M.MUAZ/Desktop/HDL/project/New folder/HDL_Project/HDL_Project\vivado.jou
#-----------------------------------------------------------
start_gui
open_project {C:/Users/M.F.M.MUAZ/Desktop/HDL/project/New folder/HDL_Project/HDL_Project/HDL_Project.xpr}
INFO: [Project 1-313] Project file moved from 'C:/Users/Dell/Desktop/HDL_Project/HDL_Project' since last save.
Scanning sources...
Finished scanning sources
WARNING: [filemgmt 56-2] IPUserFilesDir: Could not find the directory 'C:/Users/M.F.M.MUAZ/Desktop/HDL/project/New folder/HDL_Project/HDL_Project/HDL_Project.ip_user_files', nor could it be found using path 'C:/Users/Dell/Desktop/HDL_Project/HDL_Project/HDL_Project.ip_user_files'.
INFO: [IP_Flow 19-234] Refreshing IP repositories
INFO: [IP_Flow 19-1704] No user IP repositories specified
INFO: [IP_Flow 19-2313] Loaded Vivado IP repository 'C:/Xilinx/Vivado/2019.2/data/ip'.
open_project: Time (s): cpu = 00:00:30 ; elapsed = 00:00:23 . Memory (MB): peak = 702.133 ; gain = 124.727
update_compile_order -fileset sources_1
open_bd_design {C:/Users/M.F.M.MUAZ/Desktop/HDL/project/New folder/HDL_Project/HDL_Project/HDL_Project.srcs/sources_1/bd/Block_ram/Block_ram.bd}
Successfully read diagram <Block_ram> from BD file <C:/Users/M.F.M.MUAZ/Desktop/HDL/project/New folder/HDL_Project/HDL_Project/HDL_Project.srcs/sources_1/bd/Block_ram/Block_ram.bd>
open_bd_design: Time (s): cpu = 00:00:18 ; elapsed = 00:00:27 . Memory (MB): peak = 814.707 ; gain = 83.820
open_bd_design {C:/Users/M.F.M.MUAZ/Desktop/HDL/project/New folder/HDL_Project/HDL_Project/HDL_Project.srcs/sources_1/bd/Block_ram/Block_ram.bd}
exit
INFO: [Common 17-206] Exiting Vivado at Tue Jul 28 08:11:29 2020...
